Replace Part 1 AMS1117 in E:\1起走近科学\ZigBee\Zigbee PCB\Zigbee_Project\Zigbee_broad.SchDoc with AMS1117 from SEA_SCH_LIB.SchLib
Replace Part 2 AMS1117 in E:\1起走近科学\ZigBee\Zigbee PCB\Zigbee_Project\Zigbee_broad.SchDoc with AMS1117 from SEA_SCH_LIB.SchLib
Replace Part Battery BAT in E:\1起走近科学\ZigBee\Zigbee PCB\Zigbee_Project\Zigbee_broad.SchDoc with BAT from SEA_SCH_LIB.SchLib
Replace Part C1 CAP in E:\1起走近科学\ZigBee\Zigbee PCB\Zigbee_Project\Zigbee_broad.SchDoc with CAP from SEA_SCH_LIB.SchLib
Replace Part C2 CAP in E:\1起走近科学\ZigBee\Zigbee PCB\Zigbee_Project\Zigbee_broad.SchDoc with CAP from SEA_SCH_LIB.SchLib
Replace Part C3 CAP in E:\1起走近科学\ZigBee\Zigbee PCB\Zigbee_Project\Zigbee_broad.SchDoc with CAP from SEA_SCH_LIB.SchLib
Replace Part C4 CAP in E:\1起走近科学\ZigBee\Zigbee PCB\Zigbee_Project\Zigbee_broad.SchDoc with CAP from SEA_SCH_LIB.SchLib
Replace Part C6 CAP in E:\1起走近科学\ZigBee\Zigbee PCB\Zigbee_Project\Zigbee_broad.SchDoc with CAP from SEA_SCH_LIB.SchLib
Replace Part C7 CAP in E:\1起走近科学\ZigBee\Zigbee PCB\Zigbee_Project\Zigbee_broad.SchDoc with CAP from SEA_SCH_LIB.SchLib
Replace Part C9 CAP in E:\1起走近科学\ZigBee\Zigbee PCB\Zigbee_Project\Zigbee_broad.SchDoc with CAP from SEA_SCH_LIB.SchLib
Replace Part C10 CAP in E:\1起走近科学\ZigBee\Zigbee PCB\Zigbee_Project\Zigbee_broad.SchDoc with CAP from SEA_SCH_LIB.SchLib
Replace Part C11 CAP in E:\1起走近科学\ZigBee\Zigbee PCB\Zigbee_Project\Zigbee_broad.SchDoc with CAP from SEA_SCH_LIB.SchLib
Replace Part D1 DIODE SCHOTTKY in E:\1起走近科学\ZigBee\Zigbee PCB\Zigbee_Project\Zigbee_broad.SchDoc with DIODE SCHOTTKY from SEA_SCH_LIB.SchLib
Replace Part D2 DIODE SCHOTTKY in E:\1起走近科学\ZigBee\Zigbee PCB\Zigbee_Project\Zigbee_broad.SchDoc with DIODE SCHOTTKY from SEA_SCH_LIB.SchLib
Replace Part DC1 DC in E:\1起走近科学\ZigBee\Zigbee PCB\Zigbee_Project\Zigbee_broad.SchDoc with DC from SEA_SCH_LIB.SchLib
Replace Part Fuse1 FUSH in E:\1起走近科学\ZigBee\Zigbee PCB\Zigbee_Project\Zigbee_broad.SchDoc with FUSH from SEA_SCH_LIB.SchLib
Replace Part J1 JNU LOGO in E:\1起走近科学\ZigBee\Zigbee PCB\Zigbee_Project\Zigbee_broad.SchDoc with JNU LOGO from SEA_SCH_LIB.SchLib
Replace Part J2 JNU LOGO in E:\1起走近科学\ZigBee\Zigbee PCB\Zigbee_Project\Zigbee_broad.SchDoc with JNU LOGO from SEA_SCH_LIB.SchLib
Replace Part L_1 Header 6X2 in E:\1起走近科学\ZigBee\Zigbee PCB\Zigbee_Project\Zigbee_broad.SchDoc with Header 6X2 from Miscellaneous Connectors.SchLib
Replace Part L_2 Header 6X2 in E:\1起走近科学\ZigBee\Zigbee PCB\Zigbee_Project\Zigbee_broad.SchDoc with Header 6X2 from Miscellaneous Connectors.SchLib
Replace Part NET LED-直插 in E:\1起走近科学\ZigBee\Zigbee PCB\Zigbee_Project\Zigbee_broad.SchDoc with LED-直插 from SEA_SCH_LIB.SchLib
Replace Part P2 Header 3 in E:\1起走近科学\ZigBee\Zigbee PCB\Zigbee_Project\Zigbee_broad.SchDoc with Header 3 from Miscellaneous Connectors.SchLib
Replace Part PA LED-直插 in E:\1起走近科学\ZigBee\Zigbee PCB\Zigbee_Project\Zigbee_broad.SchDoc with LED-直插 from SEA_SCH_LIB.SchLib
Replace Part PWR LED-直插 in E:\1起走近科学\ZigBee\Zigbee PCB\Zigbee_Project\Zigbee_broad.SchDoc with LED-直插 from SEA_SCH_LIB.SchLib
Replace Part R1 Resistor in E:\1起走近科学\ZigBee\Zigbee PCB\Zigbee_Project\Zigbee_broad.SchDoc with Resistor from SEA_SCH_LIB.SchLib
Replace Part R2 Resistor in E:\1起走近科学\ZigBee\Zigbee PCB\Zigbee_Project\Zigbee_broad.SchDoc with Resistor from SEA_SCH_LIB.SchLib
Replace Part R3 Resistor in E:\1起走近科学\ZigBee\Zigbee PCB\Zigbee_Project\Zigbee_broad.SchDoc with Resistor from SEA_SCH_LIB.SchLib
Replace Part R4 Resistor in E:\1起走近科学\ZigBee\Zigbee PCB\Zigbee_Project\Zigbee_broad.SchDoc with Resistor from SEA_SCH_LIB.SchLib
Replace Part R5 Resistor in E:\1起走近科学\ZigBee\Zigbee PCB\Zigbee_Project\Zigbee_broad.SchDoc with Resistor from SEA_SCH_LIB.SchLib
Replace Part R6 Resistor in E:\1起走近科学\ZigBee\Zigbee PCB\Zigbee_Project\Zigbee_broad.SchDoc with Resistor from SEA_SCH_LIB.SchLib
Replace Part R7 Resistor in E:\1起走近科学\ZigBee\Zigbee PCB\Zigbee_Project\Zigbee_broad.SchDoc with Resistor from SEA_SCH_LIB.SchLib
Replace Part R8 Resistor in E:\1起走近科学\ZigBee\Zigbee PCB\Zigbee_Project\Zigbee_broad.SchDoc with Resistor from SEA_SCH_LIB.SchLib
Replace Part R9 Resistor in E:\1起走近科学\ZigBee\Zigbee PCB\Zigbee_Project\Zigbee_broad.SchDoc with Resistor from SEA_SCH_LIB.SchLib
Replace Part R10 Resistor in E:\1起走近科学\ZigBee\Zigbee PCB\Zigbee_Project\Zigbee_broad.SchDoc with Resistor from SEA_SCH_LIB.SchLib
Replace Part R11 Resistor in E:\1起走近科学\ZigBee\Zigbee PCB\Zigbee_Project\Zigbee_broad.SchDoc with Resistor from SEA_SCH_LIB.SchLib
Replace Part R_1 Header 6X2 in E:\1起走近科学\ZigBee\Zigbee PCB\Zigbee_Project\Zigbee_broad.SchDoc with Header 6X2 from Miscellaneous Connectors.SchLib
Replace Part R_2 Header 6X2 in E:\1起走近科学\ZigBee\Zigbee PCB\Zigbee_Project\Zigbee_broad.SchDoc with Header 6X2 from Miscellaneous Connectors.SchLib
Replace Part TX LED-直插 in E:\1起走近科学\ZigBee\Zigbee PCB\Zigbee_Project\Zigbee_broad.SchDoc with LED-直插 from SEA_SCH_LIB.SchLib
Replace Part U1 PL2303 in E:\1起走近科学\ZigBee\Zigbee PCB\Zigbee_Project\Zigbee_broad.SchDoc with PL2303 from SEA_SCH_LIB.SchLib
Replace Part USB_SLAVE USB_MINI in E:\1起走近科学\ZigBee\Zigbee PCB\Zigbee_Project\Zigbee_broad.SchDoc with USB_MINI from SEA_SCH_LIB.SchLib
Replace Part Y1 XTAL in E:\1起走近科学\ZigBee\Zigbee PCB\Zigbee_Project\Zigbee_broad.SchDoc with XTAL from SEA_SCH_LIB.SchLib
